2025-08-15 05:22:53 - training - INFO - Loading data and selecting columns...
2025-08-15 05:22:53 - training - ERROR - Error in prepare_data.py: Usecols do not match columns, columns expected but not found: ['SalePrice']
2025-08-15 05:31:18 - training - INFO - Loading data and selecting columns...
2025-08-15 05:31:18 - training - ERROR - Error in prepare_data.py: Usecols do not match columns, columns expected but not found: ['SalePrice']
2025-08-15 05:36:55 - training - INFO - Loading data and selecting columns...
2025-08-15 05:36:55 - training - ERROR - Error in prepare_data.py: Usecols do not match columns, columns expected but not found: ['SalePrice']
2025-08-15 05:38:48 - training - INFO - Loading data and selecting columns...
2025-08-15 05:38:48 - training - ERROR - Error in prepare_data.py: Usecols do not match columns, columns expected but not found: ['SalePrice']
2025-08-15 05:38:59 - training - INFO - Loading data and selecting columns...
2025-08-15 05:38:59 - training - ERROR - Error in prepare_data.py: Usecols do not match columns, columns expected but not found: ['SalePrice']
2025-08-15 05:39:33 - training - INFO - Loading data and selecting columns...
2025-08-15 05:39:33 - training - ERROR - Error in prepare_data.py: Usecols do not match columns, columns expected but not found: ['SalePrice']
2025-08-15 05:39:50 - training - INFO - Loading data and selecting columns...
2025-08-15 05:39:50 - training - ERROR - Error in prepare_data.py: Usecols do not match columns, columns expected but not found: ['SalePrice']
2025-08-15 05:41:54 - training - INFO - Loading data and selecting columns...
2025-08-15 05:41:54 - training - INFO - Load data finished!
2025-08-15 05:41:54 - training - ERROR - Error in prepare_data.py: "['SalePrice'] not found in axis"
2025-08-15 05:42:58 - training - INFO - Loading data and selecting columns...
2025-08-15 05:42:58 - training - INFO - Load data finished!
2025-08-15 05:42:58 - training - ERROR - Error in prepare_data.py: "['SalePrice'] not found in axis"
2025-08-15 05:43:17 - training - INFO - Loading data and selecting columns...
2025-08-15 05:43:17 - training - INFO - Load data finished!
2025-08-15 05:43:17 - training - ERROR - Error in prepare_data.py: "['SalePrice'] not found in axis"
2025-08-15 05:44:38 - training - INFO - Loading data and selecting columns...
2025-08-15 05:44:38 - training - ERROR - Error in prepare_data.py: 'SalePrice'
2025-08-15 05:51:39 - training - INFO - Loading data and selecting columns...
2025-08-15 05:51:39 - training - INFO - Splitting data...
2025-08-15 05:51:39 - training - INFO - Saving data...
2025-08-15 05:51:39 - training - INFO - Data saved successfully!
2025-08-15 05:53:27 - training - INFO - Loading data and selecting columns...
2025-08-15 05:53:27 - training - INFO - Splitting data...
2025-08-15 05:53:27 - training - INFO - Saving data...
2025-08-15 05:53:27 - training - INFO - Data saved successfully!
2025-08-15 05:53:31 - httpx - INFO - HTTP Request: GET https://dagshub.com/api/v1/user "HTTP/1.1 200 OK"
2025-08-15 05:53:31 - dagshub - INFO - Accessing as airlangga-hub
2025-08-15 05:53:31 - httpx - INFO - HTTP Request: GET https://dagshub.com/api/v1/repos/airlangga-hub/ml-ops-pipeline "HTTP/1.1 200 OK"
2025-08-15 05:53:32 - httpx - INFO - HTTP Request: GET https://dagshub.com/api/v1/user "HTTP/1.1 200 OK"
2025-08-15 05:53:32 - dagshub - INFO - Initialized MLflow to track repo "airlangga-hub/ml-ops-pipeline"
2025-08-15 05:53:32 - dagshub - INFO - Repository airlangga-hub/ml-ops-pipeline initialized!
2025-08-15 05:53:32 - training - INFO - Loading processed data...
2025-08-15 05:53:32 - training - INFO - Starting hyperparameter tuning...
2025-08-15 05:54:10 - training - INFO - Best hyperparameters found: {'n_estimators': 840, 'max_depth': 10, 'learning_rate': 0.28894230536816873}
Best MAE: 1790
2025-08-15 05:54:10 - training - INFO - Saving best parameters...
2025-08-15 05:54:10 - training - INFO - Best parameters saved successfully!
2025-08-15 05:54:13 - httpx - INFO - HTTP Request: GET https://dagshub.com/api/v1/user "HTTP/1.1 200 OK"
2025-08-15 05:54:13 - dagshub - INFO - Accessing as airlangga-hub
2025-08-15 05:54:14 - httpx - INFO - HTTP Request: GET https://dagshub.com/api/v1/repos/airlangga-hub/ml-ops-pipeline "HTTP/1.1 200 OK"
2025-08-15 05:54:14 - httpx - INFO - HTTP Request: GET https://dagshub.com/api/v1/user "HTTP/1.1 200 OK"
2025-08-15 05:54:14 - dagshub - INFO - Initialized MLflow to track repo "airlangga-hub/ml-ops-pipeline"
2025-08-15 05:54:14 - dagshub - INFO - Repository airlangga-hub/ml-ops-pipeline initialized!
2025-08-15 05:54:14 - training - INFO - Loading processed data...
2025-08-15 05:54:14 - training - INFO - Loading best_params.json and params.yaml ...
2025-08-15 05:54:14 - training - INFO - Training the pipeline...
2025-08-15 05:54:17 - training - INFO - Saving trained pipeline...
2025-08-15 05:54:17 - training - INFO - Trained pipeline saved successfully!
2025-08-15 05:54:23 - httpx - INFO - HTTP Request: GET https://dagshub.com/api/v1/user "HTTP/1.1 200 OK"
2025-08-15 05:54:23 - dagshub - INFO - Accessing as airlangga-hub
2025-08-15 05:54:23 - httpx - INFO - HTTP Request: GET https://dagshub.com/api/v1/repos/airlangga-hub/ml-ops-pipeline "HTTP/1.1 200 OK"
2025-08-15 05:54:24 - httpx - INFO - HTTP Request: GET https://dagshub.com/api/v1/user "HTTP/1.1 200 OK"
2025-08-15 05:54:24 - dagshub - INFO - Initialized MLflow to track repo "airlangga-hub/ml-ops-pipeline"
2025-08-15 05:54:24 - dagshub - INFO - Repository airlangga-hub/ml-ops-pipeline initialized!
2025-08-15 05:54:24 - training - INFO - Loading trained pipeline...
2025-08-15 05:54:24 - training - INFO - Loading processed data...
2025-08-15 05:54:24 - training - INFO - Evaluating model...
2025-08-15 05:54:26 - training - INFO - Model evaluation results - R2: 0.85, RMSE: 33594, MAE: 23059
2025-08-15 05:54:26 - training - INFO - Saving evaluation metrics...
2025-08-15 05:54:26 - training - INFO - Evaluation metrics saved successfully!
2025-08-15 06:04:49 - httpx - INFO - HTTP Request: GET https://dagshub.com/api/v1/user "HTTP/1.1 200 OK"
2025-08-15 06:04:49 - dagshub - INFO - Accessing as airlangga-hub
2025-08-15 06:04:49 - httpx - INFO - HTTP Request: GET https://dagshub.com/api/v1/repos/airlangga-hub/ml-ops-pipeline "HTTP/1.1 200 OK"
2025-08-15 06:04:50 - httpx - INFO - HTTP Request: GET https://dagshub.com/api/v1/user "HTTP/1.1 200 OK"
2025-08-15 06:04:50 - dagshub - INFO - Initialized MLflow to track repo "airlangga-hub/ml-ops-pipeline"
2025-08-15 06:04:50 - dagshub - INFO - Repository airlangga-hub/ml-ops-pipeline initialized!
2025-08-15 06:04:50 - training - INFO - Loading processed data...
2025-08-15 06:04:50 - training - INFO - Loading best_params.json and params.yaml ...
2025-08-15 06:04:50 - training - INFO - Training the pipeline...
2025-08-15 06:04:53 - training - INFO - Saving trained pipeline...
2025-08-15 06:04:53 - training - INFO - Trained pipeline saved successfully!
2025-08-15 06:04:53 - training - INFO - Evaluating model on training data...
2025-08-15 06:15:35 - training - INFO - Loading data and selecting columns...
2025-08-15 06:15:35 - training - INFO - Splitting data...
2025-08-15 06:15:35 - training - INFO - Saving data...
2025-08-15 06:15:35 - training - INFO - Data saved successfully!
2025-08-15 06:15:36 - httpx - INFO - HTTP Request: GET https://dagshub.com/api/v1/user "HTTP/1.1 200 OK"
2025-08-15 06:15:36 - dagshub - INFO - Accessing as airlangga-hub
2025-08-15 06:15:37 - httpx - INFO - HTTP Request: GET https://dagshub.com/api/v1/repos/airlangga-hub/ml-ops-pipeline "HTTP/1.1 200 OK"
2025-08-15 06:15:37 - httpx - INFO - HTTP Request: GET https://dagshub.com/api/v1/user "HTTP/1.1 200 OK"
2025-08-15 06:15:37 - dagshub - INFO - Initialized MLflow to track repo "airlangga-hub/ml-ops-pipeline"
2025-08-15 06:15:37 - dagshub - INFO - Repository airlangga-hub/ml-ops-pipeline initialized!
2025-08-15 06:15:37 - training - INFO - Loading processed data...
2025-08-15 06:15:37 - training - INFO - Starting hyperparameter tuning...
2025-08-15 06:16:22 - training - INFO - Best hyperparameters found: {'n_estimators': 972, 'max_depth': 13, 'learning_rate': 0.26752855052346913}
Best MAE: 1790
2025-08-15 06:16:22 - training - INFO - Saving best parameters...
2025-08-15 06:16:22 - training - INFO - Best parameters saved successfully!
2025-08-15 06:16:25 - httpx - INFO - HTTP Request: GET https://dagshub.com/api/v1/user "HTTP/1.1 200 OK"
2025-08-15 06:16:25 - dagshub - INFO - Accessing as airlangga-hub
2025-08-15 06:16:25 - httpx - INFO - HTTP Request: GET https://dagshub.com/api/v1/repos/airlangga-hub/ml-ops-pipeline "HTTP/1.1 200 OK"
2025-08-15 06:16:25 - httpx - INFO - HTTP Request: GET https://dagshub.com/api/v1/user "HTTP/1.1 200 OK"
2025-08-15 06:16:25 - dagshub - INFO - Initialized MLflow to track repo "airlangga-hub/ml-ops-pipeline"
2025-08-15 06:16:25 - dagshub - INFO - Repository airlangga-hub/ml-ops-pipeline initialized!
2025-08-15 06:16:25 - training - INFO - Loading processed data...
2025-08-15 06:16:25 - training - INFO - Loading best_params.json and params.yaml ...
2025-08-15 06:16:25 - training - INFO - Training the pipeline...
2025-08-15 06:16:30 - training - INFO - Saving trained pipeline...
2025-08-15 06:16:30 - training - INFO - Trained pipeline saved successfully!
2025-08-15 06:16:30 - training - INFO - Evaluating model on training data...
2025-08-15 06:16:38 - httpx - INFO - HTTP Request: GET https://dagshub.com/api/v1/user "HTTP/1.1 200 OK"
2025-08-15 06:16:38 - dagshub - INFO - Accessing as airlangga-hub
2025-08-15 06:16:38 - httpx - INFO - HTTP Request: GET https://dagshub.com/api/v1/repos/airlangga-hub/ml-ops-pipeline "HTTP/1.1 200 OK"
2025-08-15 06:16:38 - httpx - INFO - HTTP Request: GET https://dagshub.com/api/v1/user "HTTP/1.1 200 OK"
2025-08-15 06:16:38 - dagshub - INFO - Initialized MLflow to track repo "airlangga-hub/ml-ops-pipeline"
2025-08-15 06:16:38 - dagshub - INFO - Repository airlangga-hub/ml-ops-pipeline initialized!
2025-08-15 06:16:38 - training - INFO - Loading trained pipeline...
2025-08-15 06:16:39 - training - INFO - Loading processed data...
2025-08-15 06:16:39 - training - INFO - Evaluating model...
2025-08-15 06:16:40 - training - INFO - Model evaluation results - R2: 0.84, RMSE: 34593, MAE: 23893
2025-08-15 06:16:40 - training - INFO - Saving evaluation metrics...
2025-08-15 06:16:40 - training - INFO - Evaluation metrics saved successfully!
2025-08-15 07:20:21 - httpx - INFO - HTTP Request: GET https://dagshub.com/api/v1/user "HTTP/1.1 200 OK"
2025-08-15 07:20:21 - dagshub - INFO - Accessing as airlangga-hub
2025-08-15 07:20:22 - httpx - INFO - HTTP Request: GET https://dagshub.com/api/v1/repos/airlangga-hub/ml-ops-pipeline "HTTP/1.1 200 OK"
2025-08-15 07:20:22 - httpx - INFO - HTTP Request: GET https://dagshub.com/api/v1/user "HTTP/1.1 200 OK"
2025-08-15 07:20:22 - dagshub - INFO - Initialized MLflow to track repo "airlangga-hub/ml-ops-pipeline"
2025-08-15 07:20:22 - dagshub - INFO - Repository airlangga-hub/ml-ops-pipeline initialized!
2025-08-15 07:20:22 - /Users/angga/Desktop/Personal PROJECTS/MLOps_pipeline/src/utils/logger.py - INFO - Loading processed data...
2025-08-15 07:20:22 - /Users/angga/Desktop/Personal PROJECTS/MLOps_pipeline/src/utils/logger.py - INFO - Starting hyperparameter tuning...
2025-08-15 07:21:03 - /Users/angga/Desktop/Personal PROJECTS/MLOps_pipeline/src/utils/logger.py - INFO - Best hyperparameters found: {'n_estimators': 692, 'max_depth': 12, 'learning_rate': 0.28318097255248936}
Best MAE: 1790
2025-08-15 07:21:03 - /Users/angga/Desktop/Personal PROJECTS/MLOps_pipeline/src/utils/logger.py - INFO - Saving best parameters...
2025-08-15 07:21:03 - /Users/angga/Desktop/Personal PROJECTS/MLOps_pipeline/src/utils/logger.py - INFO - Best parameters saved successfully!
2025-08-15 07:21:05 - httpx - INFO - HTTP Request: GET https://dagshub.com/api/v1/user "HTTP/1.1 200 OK"
2025-08-15 07:21:05 - dagshub - INFO - Accessing as airlangga-hub
2025-08-15 07:21:06 - httpx - INFO - HTTP Request: GET https://dagshub.com/api/v1/repos/airlangga-hub/ml-ops-pipeline "HTTP/1.1 200 OK"
2025-08-15 07:21:06 - httpx - INFO - HTTP Request: GET https://dagshub.com/api/v1/user "HTTP/1.1 200 OK"
2025-08-15 07:21:06 - dagshub - INFO - Initialized MLflow to track repo "airlangga-hub/ml-ops-pipeline"
2025-08-15 07:21:06 - dagshub - INFO - Repository airlangga-hub/ml-ops-pipeline initialized!
2025-08-15 07:21:06 - /Users/angga/Desktop/Personal PROJECTS/MLOps_pipeline/src/utils/logger.py - INFO - Loading processed data...
2025-08-15 07:21:06 - /Users/angga/Desktop/Personal PROJECTS/MLOps_pipeline/src/utils/logger.py - INFO - Loading best_params.json and params.yaml ...
2025-08-15 07:21:06 - /Users/angga/Desktop/Personal PROJECTS/MLOps_pipeline/src/utils/logger.py - INFO - Training the pipeline...
2025-08-15 07:21:09 - /Users/angga/Desktop/Personal PROJECTS/MLOps_pipeline/src/utils/logger.py - INFO - Saving trained pipeline...
2025-08-15 07:21:09 - /Users/angga/Desktop/Personal PROJECTS/MLOps_pipeline/src/utils/logger.py - INFO - Trained pipeline saved successfully!
2025-08-15 07:21:09 - /Users/angga/Desktop/Personal PROJECTS/MLOps_pipeline/src/utils/logger.py - INFO - Evaluating model on training data...
2025-08-15 07:21:17 - httpx - INFO - HTTP Request: GET https://dagshub.com/api/v1/user "HTTP/1.1 200 OK"
2025-08-15 07:21:17 - dagshub - INFO - Accessing as airlangga-hub
2025-08-15 07:21:18 - httpx - INFO - HTTP Request: GET https://dagshub.com/api/v1/repos/airlangga-hub/ml-ops-pipeline "HTTP/1.1 200 OK"
2025-08-15 07:21:18 - httpx - INFO - HTTP Request: GET https://dagshub.com/api/v1/user "HTTP/1.1 200 OK"
2025-08-15 07:21:18 - dagshub - INFO - Initialized MLflow to track repo "airlangga-hub/ml-ops-pipeline"
2025-08-15 07:21:18 - dagshub - INFO - Repository airlangga-hub/ml-ops-pipeline initialized!
2025-08-15 07:21:18 - /Users/angga/Desktop/Personal PROJECTS/MLOps_pipeline/src/utils/logger.py - INFO - Loading trained pipeline...
2025-08-15 07:21:18 - /Users/angga/Desktop/Personal PROJECTS/MLOps_pipeline/src/utils/logger.py - INFO - Loading processed data...
2025-08-15 07:21:18 - /Users/angga/Desktop/Personal PROJECTS/MLOps_pipeline/src/utils/logger.py - INFO - Evaluating model...
2025-08-15 07:21:20 - /Users/angga/Desktop/Personal PROJECTS/MLOps_pipeline/src/utils/logger.py - INFO - Model evaluation results - R2: 0.84, RMSE: 35100, MAE: 23994
2025-08-15 07:21:20 - /Users/angga/Desktop/Personal PROJECTS/MLOps_pipeline/src/utils/logger.py - INFO - Saving evaluation metrics...
2025-08-15 07:21:20 - /Users/angga/Desktop/Personal PROJECTS/MLOps_pipeline/src/utils/logger.py - INFO - Evaluation metrics saved successfully!
